  main.cpp
f:\vcproject\vcglproject\polygon\polygon\main.cpp(17): warning C4305: “参数”: 从“double”到“float”截断
f:\vcproject\vcglproject\polygon\polygon\main.cpp(20): warning C4305: “参数”: 从“double”到“float”截断
f:\vcproject\vcglproject\polygon\polygon\main.cpp(21): warning C4305: “参数”: 从“double”到“float”截断
f:\vcproject\vcglproject\polygon\polygon\main.cpp(36): warning C4244: “参数”: 从“int”转换到“GLfloat”，可能丢失数据
f:\vcproject\vcglproject\polygon\polygon\main.cpp(39): warning C4018: “<”: 有符号/无符号不匹配
f:\vcproject\vcglproject\polygon\polygon\main.cpp(40): warning C4244: “参数”: 从“int”转换到“GLfloat”，可能丢失数据
f:\vcproject\vcglproject\polygon\polygon\main.cpp(42): warning C4018: “<”: 有符号/无符号不匹配
f:\vcproject\vcglproject\polygon\polygon\main.cpp(43): warning C4244: “参数”: 从“int”转换到“GLfloat”，可能丢失数据
f:\vcproject\vcglproject\polygon\polygon\main.cpp(50): warning C4018: “<”: 有符号/无符号不匹配
f:\vcproject\vcglproject\polygon\polygon\main.cpp(51): warning C4244: “参数”: 从“int”转换到“GLfloat”，可能丢失数据
f:\vcproject\vcglproject\polygon\polygon\main.cpp(60): warning C4018: “<”: 有符号/无符号不匹配
f:\vcproject\vcglproject\polygon\polygon\main.cpp(63): warning C4244: “=”: 从“float”转换到“int”，可能丢失数据
f:\vcproject\vcglproject\polygon\polygon\main.cpp(65): warning C4244: “=”: 从“float”转换到“int”，可能丢失数据
f:\vcproject\vcglproject\polygon\polygon\main.cpp(88): warning C4018: “<”: 有符号/无符号不匹配
f:\vcproject\vcglproject\polygon\polygon\main.cpp(98): warning C4244: “=”: 从“int”转换到“float”，可能丢失数据
f:\vcproject\vcglproject\polygon\polygon\main.cpp(108): warning C4244: “=”: 从“int”转换到“float”，可能丢失数据
f:\vcproject\vcglproject\polygon\polygon\main.cpp(197): warning C4018: “<”: 有符号/无符号不匹配
f:\vcproject\vcglproject\polygon\polygon\main.cpp(200): warning C4244: “=”: 从“float”转换到“int”，可能丢失数据
f:\vcproject\vcglproject\polygon\polygon\main.cpp(202): warning C4244: “=”: 从“float”转换到“int”，可能丢失数据
f:\vcproject\vcglproject\polygon\polygon\main.cpp(227): warning C4018: “<”: 有符号/无符号不匹配
f:\vcproject\vcglproject\polygon\polygon\main.cpp(237): warning C4244: “=”: 从“int”转换到“float”，可能丢失数据
f:\vcproject\vcglproject\polygon\polygon\main.cpp(247): warning C4244: “=”: 从“int”转换到“float”，可能丢失数据
f:\vcproject\vcglproject\polygon\polygon\main.cpp(336): warning C4018: “<”: 有符号/无符号不匹配
f:\vcproject\vcglproject\polygon\polygon\main.cpp(355): warning C4018: “<”: 有符号/无符号不匹配
f:\vcproject\vcglproject\polygon\polygon\main.cpp(404): warning C4018: “<”: 有符号/无符号不匹配
f:\vcproject\vcglproject\polygon\polygon\main.cpp(409): warning C4018: “<”: 有符号/无符号不匹配
f:\vcproject\vcglproject\polygon\polygon\main.cpp(421): warning C4018: “<”: 有符号/无符号不匹配
f:\vcproject\vcglproject\polygon\polygon\main.cpp(426): warning C4018: “<”: 有符号/无符号不匹配
f:\vcproject\vcglproject\polygon\polygon\main.cpp(434): warning C4018: “<”: 有符号/无符号不匹配
f:\vcproject\vcglproject\polygon\polygon\main.cpp(439): warning C4018: “<”: 有符号/无符号不匹配
f:\vcproject\vcglproject\polygon\polygon\main.cpp(453): warning C4305: “=”: 从“double”到“float”截断
f:\vcproject\vcglproject\polygon\polygon\main.cpp(455): warning C4305: “=”: 从“double”到“float”截断
f:\vcproject\vcglproject\polygon\polygon\main.cpp(457): warning C4018: “<”: 有符号/无符号不匹配
f:\vcproject\vcglproject\polygon\polygon\main.cpp(462): warning C4018: “<”: 有符号/无符号不匹配
f:\vcproject\vcglproject\polygon\polygon\main.cpp(475): warning C4018: “<”: 有符号/无符号不匹配
f:\vcproject\vcglproject\polygon\polygon\main.cpp(484): warning C4018: “<”: 有符号/无符号不匹配
f:\vcproject\vcglproject\polygon\polygon\main.cpp(501): warning C4018: “<”: 有符号/无符号不匹配
f:\vcproject\vcglproject\polygon\polygon\main.cpp(643): warning C4244: “=”: 从“int”转换到“float”，可能丢失数据
f:\vcproject\vcglproject\polygon\polygon\main.cpp(644): warning C4244: “=”: 从“int”转换到“float”，可能丢失数据
f:\vcproject\vcglproject\polygon\polygon\main.cpp(653): warning C4244: “=”: 从“int”转换到“float”，可能丢失数据
f:\vcproject\vcglproject\polygon\polygon\main.cpp(654): warning C4244: “=”: 从“int”转换到“float”，可能丢失数据
f:\vcproject\vcglproject\polygon\polygon\main.cpp(657): warning C4244: “=”: 从“int”转换到“float”，可能丢失数据
f:\vcproject\vcglproject\polygon\polygon\main.cpp(658): warning C4244: “=”: 从“int”转换到“float”，可能丢失数据
f:\vcproject\vcglproject\polygon\polygon\main.cpp(681): warning C4305: “参数”: 从“double”到“float”截断
f:\vcproject\vcglproject\polygon\polygon\main.cpp(687): warning C4305: “参数”: 从“double”到“float”截断
f:\vcproject\vcglproject\polygon\polygon\main.cpp(703): warning C4244: “=”: 从“int”转换到“float”，可能丢失数据
f:\vcproject\vcglproject\polygon\polygon\main.cpp(716): warning C4244: “参数”: 从“float”转换到“int”，可能丢失数据
f:\vcproject\vcglproject\polygon\polygon\main.cpp(725): warning C4305: “参数”: 从“double”到“float”截断
f:\vcproject\vcglproject\polygon\polygon\main.cpp(729): warning C4305: “参数”: 从“double”到“float”截断
f:\vcproject\vcglproject\polygon\polygon\main.cpp(738): warning C4018: “<”: 有符号/无符号不匹配
f:\vcproject\vcglproject\polygon\polygon\main.cpp(743): warning C4018: “<”: 有符号/无符号不匹配
f:\vcproject\vcglproject\polygon\polygon\main.cpp(763): warning C4244: “=”: 从“int”转换到“float”，可能丢失数据
f:\vcproject\vcglproject\polygon\polygon\main.cpp(764): warning C4244: “=”: 从“int”转换到“float”，可能丢失数据
f:\vcproject\vcglproject\polygon\polygon\main.cpp(794): warning C4018: “<”: 有符号/无符号不匹配
  Polygon.vcxproj -> F:\VCproject\vcglproject\Polygon\Debug\Polygon.exe
